<?xml version="1.0" encoding="UTF-8"?>
<!-- Generated by org.testng.reporters.JUnitReportReporter -->
<testsuite hostname="Home" failures="0" tests="1" name="FirstScript" time="7.556" errors="0" timestamp="27 Aug 2019 07:53:25 GMT">
  <testcase classname="FirstScript" name="test1" time="7.556"/>
</testsuite> <!-- FirstScript -->
